<?xml version="1.0" encoding="UTF-8"?>
<!-- Generated by org.testng.reporters.JUnitReportReporter -->
<testsuite skipped="0" hostname="DESKTOP-06OUV9F" name="com.orangehrm.modules.Launch" tests="2" failures="0" timestamp="19 Nov 2020 03:10:56 GMT" time="110.106" errors="0">
  <testcase name="executeLaunch" time="65.609" classname="com.orangehrm.modules.Launch"/>
  <testcase name="executeLaunch" time="44.497" classname="com.orangehrm.modules.Launch"/>
</testsuite> <!-- com.orangehrm.modules.Launch -->
